Symbol range map extraction starting
Processing 15 files
startProcessing "xt9\fluidtransformtweaker\FluidTransformTweaker.java" md5: ff401ec8f718ca61de23f90239791979
Cache Hit!
endProcessing "xt9\fluidtransformtweaker\FluidTransformTweaker.java"

startProcessing "xt9\fluidtransformtweaker\client\ClientProxy.java" md5: 118719c30adb20814525cf9aecf7ee3c
Cache Hit!
endProcessing "xt9\fluidtransformtweaker\client\ClientProxy.java"

startProcessing "xt9\fluidtransformtweaker\common\CommonProxy.java" md5: f11bd432e68246058ed64d6a040bec80
Cache Hit!
endProcessing "xt9\fluidtransformtweaker\common\CommonProxy.java"

startProcessing "xt9\fluidtransformtweaker\common\crafttweaker\FluidToFluid.java" md5: d89f65bf9abccaeb02b52489c2f54b63
endProcessing "xt9\fluidtransformtweaker\common\crafttweaker\FluidToFluid.java"

startProcessing "xt9\fluidtransformtweaker\common\crafttweaker\FluidToItem.java" md5: f30b44d9c4225c37971e2a5d4783ff54
endProcessing "xt9\fluidtransformtweaker\common\crafttweaker\FluidToItem.java"

startProcessing "xt9\fluidtransformtweaker\common\entity\EntityCraftFluidItem.java" md5: 857224d68dbd02fba38e5751651f0f40
endProcessing "xt9\fluidtransformtweaker\common\entity\EntityCraftFluidItem.java"

startProcessing "xt9\fluidtransformtweaker\common\entity\EntityCraftItemItem.java" md5: 2e3f395886393e7b6382b2f1d775add4
endProcessing "xt9\fluidtransformtweaker\common\entity\EntityCraftItemItem.java"

startProcessing "xt9\fluidtransformtweaker\common\event\EntityReplacer.java" md5: 9a6edb5066c4dd2fcb21096b2dd6e25d
endProcessing "xt9\fluidtransformtweaker\common\event\EntityReplacer.java"

startProcessing "xt9\fluidtransformtweaker\common\recipe\FluidToFluidTransform.java" md5: 32fa0a8234892d5c1425090a27963723
endProcessing "xt9\fluidtransformtweaker\common\recipe\FluidToFluidTransform.java"

startProcessing "xt9\fluidtransformtweaker\common\recipe\FluidToItemTransform.java" md5: b3a1783327f1d42ea8127cfef7fb14ca
endProcessing "xt9\fluidtransformtweaker\common\recipe\FluidToItemTransform.java"

startProcessing "xt9\fluidtransformtweaker\integrations\jei\FluidToFluidRecipeCategory.java" md5: 33f8f984db076c4d2c03407316b3d5b2
endProcessing "xt9\fluidtransformtweaker\integrations\jei\FluidToFluidRecipeCategory.java"

startProcessing "xt9\fluidtransformtweaker\integrations\jei\FluidToFluidRecipeWrapper.java" md5: 954433e95c8bf55f282ed88e2624165c
endProcessing "xt9\fluidtransformtweaker\integrations\jei\FluidToFluidRecipeWrapper.java"

startProcessing "xt9\fluidtransformtweaker\integrations\jei\FluidToItemRecipeCategory.java" md5: 038d0870e2bd2b02a75e1a06a8b2f78f
endProcessing "xt9\fluidtransformtweaker\integrations\jei\FluidToItemRecipeCategory.java"

startProcessing "xt9\fluidtransformtweaker\integrations\jei\FluidToItemRecipeWrapper.java" md5: f79e40c16cf9ba162c1434c41c0052bc
endProcessing "xt9\fluidtransformtweaker\integrations\jei\FluidToItemRecipeWrapper.java"

startProcessing "xt9\fluidtransformtweaker\integrations\jei\Plugin.java" md5: f35fdc3102a66431801fc922703f03e4
Cache Hit!
endProcessing "xt9\fluidtransformtweaker\integrations\jei\Plugin.java"

